<!DOCTYPE html PUBLIC "-//W3C//DTD XHTML 1.1//EN" "https://www.w3.org/TR/xhtml11/DTD/xhtml11.dtd">
<html xmlns="https://www.w3.org/1999/xhtml">
<head>
<meta http-equiv="content-type" content="text/html; charset=UTF-8"/>
<title>TestNG Report</title>
<style type="text/css">table {margin-bottom:10px;border-collapse:collapse;empty-cells:show}th,td {border:1px solid #009;padding:.25em .5em}th {vertical-align:bottom}td {vertical-align:top}table a {font-weight:bold}.stripe td {background-color: #E6EBF9}.num {text-align:right}.passedodd td {background-color: #3F3}.passedeven td {background-color: #0A0}.skippedodd td {background-color: #DDD}.skippedeven td {background-color: #CCC}.failedodd td,.attn {background-color: #F33}.failedeven td,.stripe .attn {background-color: #D00}.stacktrace {white-space:pre;font-family:monospace}.totop {font-size:85%;text-align:center;border-bottom:2px solid #000}.invisible {display:none}</style>
</head>
<body>
<table>
<tr><th>Test</th><th># Passed</th><th># Skipped</th><th># Retried</th><th># Failed</th><th>Time (ms)</th><th>Included Groups</th><th>Excluded Groups</th></tr>
<tr><th colspan="8">Suite</th></tr>
<tr><td><a href="#t0">Test</a></td><td class="num">10</td><td class="num">0</td><td class="num">0</td><td class="num attn">3</td><td class="num">126,978</td><td></td><td></td></tr>
</table>
<table id='summary'><thead><tr><th>Class</th><th>Method</th><th>Start</th><th>Time (ms)</th></tr></thead><tbody><tr><th colspan="4">Suite</th></tr></tbody><tbody id="t0"><tr><th colspan="4">Test &#8212; failed</th></tr><tr class="failedeven"><td rowspan="1">com.tripadvisor.webapp.tests.HomePageTest</td><td><a href="#m0">TC_TripAdvisor_HomePage_001</a></td><td rowspan="1">1684062962592</td><td rowspan="1">31</td></tr><tr class="failedodd"><td rowspan="2">com.tripadvisor.webapp.tests.SignInPageTest</td><td><a href="#m1">TC_TripAdvisor_SignInPage_003</a></td><td rowspan="1">1684062980353</td><td rowspan="1">35031</td></tr><tr class="failedodd"><td><a href="#m2">TC_TripAdvisor_SignInPage_Negative_009</a></td><td rowspan="1">1684063076068</td><td rowspan="1">7192</td></tr><tr><th colspan="4">Test &#8212; passed</th></tr><tr class="passedeven"><td rowspan="2">com.tripadvisor.webapp.tests.HomePageTest</td><td><a href="#m3">TC_TripAdvisor_HomePage_002</a></td><td rowspan="1">1684062966573</td><td rowspan="1">869</td></tr><tr class="passedeven"><td><a href="#m4">TC_TripAdvisor_HomePage_003</a></td><td rowspan="1">1684062970968</td><td rowspan="1">77</td></tr><tr class="passedodd"><td rowspan="8">com.tripadvisor.webapp.tests.SignInPageTest</td><td><a href="#m5">TC_TripAdvisor_SignInPage_001</a></td><td rowspan="1">1684062962474</td><td rowspan="1">5496</td></tr><tr class="passedodd"><td><a href="#m6">TC_TripAdvisor_SignInPage_002</a></td><td rowspan="1">1684062971337</td><td rowspan="1">5234</td></tr><tr class="passedodd"><td><a href="#m7">TC_TripAdvisor_SignInPage_004</a></td><td rowspan="1">1684063019160</td><td rowspan="1">5905</td></tr><tr class="passedodd"><td><a href="#m8">TC_TripAdvisor_SignInPage_005</a></td><td rowspan="1">1684063028687</td><td rowspan="1">4712</td></tr><tr class="passedodd"><td><a href="#m9">TC_TripAdvisor_SignInPage_006</a></td><td rowspan="1">1684063036993</td><td rowspan="1">5419</td></tr><tr class="passedodd"><td><a href="#m10">TC_TripAdvisor_SignInPage_Negative_007</a></td><td rowspan="2">1684063056538</td><td rowspan="2">6476</td></tr><tr class="passedodd"><td><a href="#m11">TC_TripAdvisor_SignInPage_Negative_007</a></td></tr><tr class="passedodd"><td><a href="#m12">TC_TripAdvisor_SignInPage_Negative_008</a></td><td rowspan="1">1684063066199</td><td rowspan="1">6353</td></tr></tbody>
</table>
<h2>Test</h2><h3 id="m0">com.tripadvisor.webapp.tests.HomePageTest#TC_TripAdvisor_HomePage_001</h3><table class="result"><tr><th>Messages</th></tr><tr><td><div class="messages"><a href=F:\VrushaliTestingData\FinalGitHubProjects\ParallelMethodExecutionInTestNGFramework/screenshots/Sun_May_14_16_46_02_IST_2023_1684062963111.png>Screenshot</a></div></td></tr><tr><th>Exception</th></tr><tr><td><div class="stacktrace">java.lang.AssertionError: expected [true] but found [false]
	at com.tripadvisor.webapp.tests.HomePageTest.TC_TripAdvisor_HomePage_001(HomePageTest.java:37)
	at java.base/java.util.concurrent.ThreadPoolExecutor.runWorker(ThreadPoolExecutor.java:1128)
	at java.base/java.util.concurrent.ThreadPoolExecutor$Worker.run(ThreadPoolExecutor.java:628)
	at java.base/java.lang.Thread.run(Thread.java:834)
... Removed 16 stack frames</div></td></tr></table><p class="totop"><a href="#summary">back to summary</a></p>
<h3 id="m1">com.tripadvisor.webapp.tests.SignInPageTest#TC_TripAdvisor_SignInPage_003</h3><table class="result"><tr><th>Messages</th></tr><tr><td><div class="messages"><a href=F:\VrushaliTestingData\FinalGitHubProjects\ParallelMethodExecutionInTestNGFramework/screenshots/Sun_May_14_16_46_55_IST_2023_1684063015621.png>Screenshot</a></div></td></tr><tr><th>Exception</th></tr><tr><td><div class="stacktrace">org.openqa.selenium.TimeoutException: Expected condition failed: waiting for visibility of Proxy element for: DefaultElementLocator &apos;By.cssSelector: button[id=&apos;facebookBtn&apos;]&apos; (tried for 30 second(s) with 500 milliseconds interval)
	at org.openqa.selenium.support.ui.WebDriverWait.timeoutException(WebDriverWait.java:87)
	at org.openqa.selenium.support.ui.FluentWait.until(FluentWait.java:231)
	at com.tripadvisor.webapp.base.BasePage.waitForElementToBePresent(BasePage.java:59)
	at com.tripadvisor.webapp.pages.SignInPage.textOnContinueWithFacebook(SignInPage.java:69)
	at com.tripadvisor.webapp.tests.SignInPageTest.TC_TripAdvisor_SignInPage_003(SignInPageTest.java:68)
	at java.base/java.util.concurrent.ThreadPoolExecutor.runWorker(ThreadPoolExecutor.java:1128)
	at java.base/java.util.concurrent.ThreadPoolExecutor$Worker.run(ThreadPoolExecutor.java:628)
	at java.base/java.lang.Thread.run(Thread.java:834)
Caused by: org.openqa.selenium.NoSuchElementException: no such element: Unable to locate element: {&quot;method&quot;:&quot;css selector&quot;,&quot;selector&quot;:&quot;button[id=&apos;facebookBtn&apos;]&quot;}
  (Session info: chrome=113.0.5672.93)
For documentation on this error, please visit: https://selenium.dev/exceptions/#no_such_element
Build info: version: &apos;4.4.0&apos;, revision: &apos;e5c75ed026a&apos;
System info: host: &apos;DESKTOP-6JUGJ4I&apos;, ip: &apos;192.168.1.52&apos;, os.name: &apos;Windows 11&apos;, os.arch: &apos;amd64&apos;, os.version: &apos;10.0&apos;, java.version: &apos;11.0.15.1&apos;
Driver info: org.openqa.selenium.chrome.ChromeDriver
Command: [ddced5da92fcdb41993060574cd42ba6, findElement {using=css selector, value=button[id=&apos;facebookBtn&apos;]}]
Capabilities {acceptInsecureCerts: false, browserName: chrome, browserVersion: 113.0.5672.93, chrome: {chromedriverVersion: 113.0.5672.63 (0e1a4471d5ae..., userDataDir: C:\Users\Sachin\AppData\Loc...}, goog:chromeOptions: {debuggerAddress: localhost:54266}, networkConnectionEnabled: false, pageLoadStrategy: normal, platformName: WINDOWS, proxy: Proxy(), se:cdp: ws://localhost:54266/devtoo..., se:cdpVersion: 113.0.5672.93, setWindowRect: true, strictFileInteractability: false, timeouts: {implicit: 0, pageLoad: 300000, script: 30000}, unhandledPromptBehavior: dismiss and notify, webauthn:extension:credBlob: true, webauthn:extension:largeBlob: true, webauthn:extension:minPinLength: true, webauthn:extension:prf: true, webauthn:virtualAuthenticators: true}
Session ID: ddced5da92fcdb41993060574cd42ba6
	at org.openqa.selenium.remote.codec.w3c.W3CHttpResponseCodec.createException(W3CHttpResponseCodec.java:200)
	at org.openqa.selenium.remote.codec.w3c.W3CHttpResponseCodec.decode(W3CHttpResponseCodec.java:133)
	at org.openqa.selenium.remote.codec.w3c.W3CHttpResponseCodec.decode(W3CHttpResponseCodec.java:53)
	at org.openqa.selenium.remote.HttpCommandExecutor.execute(HttpCommandExecutor.java:184)
	at org.openqa.selenium.remote.service.DriverCommandExecutor.invokeExecute(DriverCommandExecutor.java:167)
	at org.openqa.selenium.remote.service.DriverCommandExecutor.execute(DriverCommandExecutor.java:142)
	at org.openqa.selenium.remote.RemoteWebDriver.execute(RemoteWebDriver.java:547)
	at org.openqa.selenium.remote.ElementLocation$ElementFinder$2.findElement(ElementLocation.java:162)
	at org.openqa.selenium.remote.ElementLocation.findElement(ElementLocation.java:60)
	at org.openqa.selenium.remote.RemoteWebDriver.findElement(RemoteWebDriver.java:365)
	at org.openqa.selenium.remote.RemoteWebDriver.findElement(RemoteWebDriver.java:357)
	at org.openqa.selenium.support.pagefactory.DefaultElementLocator.findElement(DefaultElementLocator.java:70)
	at org.openqa.selenium.support.pagefactory.internal.LocatingElementHandler.invoke(LocatingElementHandler.java:39)
	at com.sun.proxy.$Proxy18.isDisplayed(Unknown Source)
	at org.openqa.selenium.support.ui.ExpectedConditions.elementIfVisible(ExpectedConditions.java:307)
	at org.openqa.selenium.support.ui.ExpectedConditions.access$000(ExpectedConditions.java:40)
	at org.openqa.selenium.support.ui.ExpectedConditions$10.apply(ExpectedConditions.java:293)
	at org.openqa.selenium.support.ui.ExpectedConditions$10.apply(ExpectedConditions.java:290)
	at org.openqa.selenium.support.ui.FluentWait.until(FluentWait.java:208)
	... 18 more
... Removed 15 stack frames</div></td></tr></table><p class="totop"><a href="#summary">back to summary</a></p>
<h3 id="m2">com.tripadvisor.webapp.tests.SignInPageTest#TC_TripAdvisor_SignInPage_Negative_009</h3><table class="result"><tr><th>Messages</th></tr><tr><td><div class="messages"><a href=F:\VrushaliTestingData\FinalGitHubProjects\ParallelMethodExecutionInTestNGFramework/screenshots/Sun_May_14_16_48_03_IST_2023_1684063083461.png>Screenshot</a></div></td></tr><tr><th>Exception</th></tr><tr><td><div class="stacktrace">java.lang.AssertionError: Some error in login page expected [Your password should be at least 6 characters long.] but found [Your password must be at least 10 characters. Please try again.]
	at com.tripadvisor.webapp.tests.SignInPageTest.TC_TripAdvisor_SignInPage_Negative_009(SignInPageTest.java:175)
	at java.base/java.util.concurrent.ThreadPoolExecutor.runWorker(ThreadPoolExecutor.java:1128)
	at java.base/java.util.concurrent.ThreadPoolExecutor$Worker.run(ThreadPoolExecutor.java:628)
	at java.base/java.lang.Thread.run(Thread.java:834)
... Removed 17 stack frames</div></td></tr></table><p class="totop"><a href="#summary">back to summary</a></p>
<h3 id="m3">com.tripadvisor.webapp.tests.HomePageTest#TC_TripAdvisor_HomePage_002</h3><table class="result"><tr><th class="invisible"/></tr></table><p class="totop"><a href="#summary">back to summary</a></p>
<h3 id="m4">com.tripadvisor.webapp.tests.HomePageTest#TC_TripAdvisor_HomePage_003</h3><table class="result"><tr><th class="invisible"/></tr></table><p class="totop"><a href="#summary">back to summary</a></p>
<h3 id="m5">com.tripadvisor.webapp.tests.SignInPageTest#TC_TripAdvisor_SignInPage_001</h3><table class="result"><tr><th class="invisible"/></tr></table><p class="totop"><a href="#summary">back to summary</a></p>
<h3 id="m6">com.tripadvisor.webapp.tests.SignInPageTest#TC_TripAdvisor_SignInPage_002</h3><table class="result"><tr><th class="invisible"/></tr></table><p class="totop"><a href="#summary">back to summary</a></p>
<h3 id="m7">com.tripadvisor.webapp.tests.SignInPageTest#TC_TripAdvisor_SignInPage_004</h3><table class="result"><tr><th class="invisible"/></tr></table><p class="totop"><a href="#summary">back to summary</a></p>
<h3 id="m8">com.tripadvisor.webapp.tests.SignInPageTest#TC_TripAdvisor_SignInPage_005</h3><table class="result"><tr><th class="invisible"/></tr></table><p class="totop"><a href="#summary">back to summary</a></p>
<h3 id="m9">com.tripadvisor.webapp.tests.SignInPageTest#TC_TripAdvisor_SignInPage_006</h3><table class="result"><tr><th class="invisible"/></tr></table><p class="totop"><a href="#summary">back to summary</a></p>
<h3 id="m10">com.tripadvisor.webapp.tests.SignInPageTest#TC_TripAdvisor_SignInPage_Negative_007</h3><table class="result"><tr class="param"><th>Parameter #1</th></tr><tr class="param stripe"><td>&lt;xml-fragment r=&quot;2&quot; spans=&quot;1:2&quot; xmlns:r=&quot;http://schemas.openxmlformats.org/officeDocument/2006/relationships&quot; xmlns:main=&quot;http://schemas.openxmlformats.org/spreadsheetml/2006/main&quot;&gt;
  &lt;main:c r=&quot;A2&quot; s=&quot;1&quot; t=&quot;s&quot;&gt;
    &lt;main:v&gt;2&lt;/main:v&gt;
  &lt;/main:c&gt;
  &lt;main:c r=&quot;B2&quot; t=&quot;s&quot;&gt;
    &lt;main:v&gt;3&lt;/main:v&gt;
  &lt;/main:c&gt;
&lt;/xml-fragment&gt;</td></tr></table><p class="totop"><a href="#summary">back to summary</a></p>
<h3 id="m11">com.tripadvisor.webapp.tests.SignInPageTest#TC_TripAdvisor_SignInPage_Negative_007</h3><table class="result"><tr class="param"><th>Parameter #1</th></tr><tr class="param stripe"><td>&lt;xml-fragment r=&quot;1&quot; spans=&quot;1:2&quot; xmlns:r=&quot;http://schemas.openxmlformats.org/officeDocument/2006/relationships&quot; xmlns:main=&quot;http://schemas.openxmlformats.org/spreadsheetml/2006/main&quot;&gt;
  &lt;main:c r=&quot;A1&quot; t=&quot;s&quot;&gt;
    &lt;main:v&gt;0&lt;/main:v&gt;
  &lt;/main:c&gt;
  &lt;main:c r=&quot;B1&quot; t=&quot;s&quot;&gt;
    &lt;main:v&gt;1&lt;/main:v&gt;
  &lt;/main:c&gt;
&lt;/xml-fragment&gt;</td></tr></table><p class="totop"><a href="#summary">back to summary</a></p>
<h3 id="m12">com.tripadvisor.webapp.tests.SignInPageTest#TC_TripAdvisor_SignInPage_Negative_008</h3><table class="result"><tr><th class="invisible"/></tr></table><p class="totop"><a href="#summary">back to summary</a></p>
</body>
</html>
