<?xml version="1.0" encoding="UTF-8"?>
<testng-results ignored="18" total="24" passed="4" failed="2" skipped="0">
  <reporter-output>
    <line>
      <![CDATA[<a href=F:\VrushaliTestingData\FinalGitHubProjects\ParallelMethodExecutionInTestNGFramework/screenshots/Thu_May_18_18_30_53_IST_2023_1684414854059.png>Screenshot</a>]]>
    </line>
    <line>
      <![CDATA[<a href=F:\VrushaliTestingData\FinalGitHubProjects\ParallelMethodExecutionInTestNGFramework/screenshots/Thu_May_18_18_31_00_IST_2023_1684414861165.png>Screenshot</a>]]>
    </line>
  </reporter-output>
  <suite started-at="2023-05-18T18:30:26 IST" name="Suite" finished-at="2023-05-18T18:31:01 IST" duration-ms="35708">
    <groups>
      <group name="regression">
        <method signature="HomePageTest.TC_TripAdvisor_HomePage_002()[pri:0, instance:com.tripadvisor.webapp.tests.HomePageTest@5a59ca5e]" name="TC_TripAdvisor_HomePage_002" class="com.tripadvisor.webapp.tests.HomePageTest"/>
        <method signature="SignInPageTest.TC_TripAdvisor_SignInPage_001()[pri:0, instance:com.tripadvisor.webapp.tests.SignInPageTest@4d15107f]" name="TC_TripAdvisor_SignInPage_001" class="com.tripadvisor.webapp.tests.SignInPageTest"/>
        <method signature="SignInPageTest.TC_TripAdvisor_SignInPage_Negative_009()[pri:0, instance:com.tripadvisor.webapp.tests.SignInPageTest@4d15107f]" name="TC_TripAdvisor_SignInPage_Negative_009" class="com.tripadvisor.webapp.tests.SignInPageTest"/>
        <method signature="HomePageTest.TC_TripAdvisor_HomePage_002()[pri:0, instance:com.tripadvisor.webapp.tests.HomePageTest@508dec2b]" name="TC_TripAdvisor_HomePage_002" class="com.tripadvisor.webapp.tests.HomePageTest"/>
        <method signature="SignInPageTest.TC_TripAdvisor_SignInPage_001()[pri:0, instance:com.tripadvisor.webapp.tests.SignInPageTest@1e4f4a5c]" name="TC_TripAdvisor_SignInPage_001" class="com.tripadvisor.webapp.tests.SignInPageTest"/>
        <method signature="SignInPageTest.TC_TripAdvisor_SignInPage_Negative_009()[pri:0, instance:com.tripadvisor.webapp.tests.SignInPageTest@1e4f4a5c]" name="TC_TripAdvisor_SignInPage_Negative_009" class="com.tripadvisor.webapp.tests.SignInPageTest"/>
      </group> <!-- regression -->
    </groups>
    <test started-at="2023-05-18T18:30:26 IST" name="TestOnChrome" finished-at="2023-05-18T18:30:54 IST" duration-ms="28572">
      <class name="com.tripadvisor.webapp.tests.SignInPageTest">
        <test-method is-config="true" signature="init(java.lang.String)[pri:0, instance:com.tripadvisor.webapp.tests.SignInPageTest@4d15107f]" started-at="2023-05-18T18:30:33 IST" name="init" finished-at="2023-05-18T18:30:36 IST" duration-ms="2700" status="PASS">
          <params>
            <param index="0">
              <value>
                <![CDATA[chrome]]>
              </value>
            </param>
          </params>
          <reporter-output>
          </reporter-output>
        </test-method> <!-- init -->
        <test-method signature="TC_TripAdvisor_SignInPage_001()[pri:0, instance:com.tripadvisor.webapp.tests.SignInPageTest@4d15107f]" started-at="2023-05-18T18:30:36 IST" name="TC_TripAdvisor_SignInPage_001" finished-at="2023-05-18T18:30:42 IST" duration-ms="6516" status="PASS">
          <reporter-output>
          </reporter-output>
        </test-method> <!-- TC_TripAdvisor_SignInPage_001 -->
        <test-method is-config="true" signature="tearDown()[pri:0, instance:com.tripadvisor.webapp.tests.SignInPageTest@4d15107f]" started-at="2023-05-18T18:30:42 IST" name="tearDown" finished-at="2023-05-18T18:30:43 IST" duration-ms="698" status="PASS">
          <reporter-output>
          </reporter-output>
        </test-method> <!-- tearDown -->
        <test-method is-config="true" signature="init(java.lang.String)[pri:0, instance:com.tripadvisor.webapp.tests.SignInPageTest@4d15107f]" started-at="2023-05-18T18:30:43 IST" name="init" finished-at="2023-05-18T18:30:46 IST" duration-ms="3310" status="PASS">
          <params>
            <param index="0">
              <value>
                <![CDATA[chrome]]>
              </value>
            </param>
          </params>
          <reporter-output>
          </reporter-output>
        </test-method> <!-- init -->
        <test-method signature="TC_TripAdvisor_SignInPage_Negative_009()[pri:0, instance:com.tripadvisor.webapp.tests.SignInPageTest@4d15107f]" started-at="2023-05-18T18:30:46 IST" name="TC_TripAdvisor_SignInPage_Negative_009" finished-at="2023-05-18T18:30:53 IST" duration-ms="7095" status="FAIL">
          <exception class="java.lang.AssertionError">
            <message>
              <![CDATA[Some error in login page expected [Your password should be at least 6 characters long.] but found [Your password must be at least 10 characters. Please try again.]]]>
            </message>
            <full-stacktrace>
              <![CDATA[java.lang.AssertionError: Some error in login page expected [Your password should be at least 6 characters long.] but found [Your password must be at least 10 characters. Please try again.]
at org.testng.Assert.fail(Assert.java:99)
at org.testng.Assert.failNotEquals(Assert.java:1037)
at org.testng.Assert.assertEqualsImpl(Assert.java:140)
at org.testng.Assert.assertEquals(Assert.java:122)
at org.testng.Assert.assertEquals(Assert.java:629)
at com.tripadvisor.webapp.tests.SignInPageTest.TC_TripAdvisor_SignInPage_Negative_009(SignInPageTest.java:175)
at java.base/jdk.internal.reflect.NativeMethodAccessorImpl.invoke0(Native Method)
at java.base/jdk.internal.reflect.NativeMethodAccessorImpl.invoke(NativeMethodAccessorImpl.java:62)
at java.base/jdk.internal.reflect.DelegatingMethodAccessorImpl.invoke(DelegatingMethodAccessorImpl.java:43)
at java.base/java.lang.reflect.Method.invoke(Method.java:566)
at org.testng.internal.MethodInvocationHelper.invokeMethod(MethodInvocationHelper.java:133)
at org.testng.internal.TestInvoker.invokeMethod(TestInvoker.java:598)
at org.testng.internal.TestInvoker.invokeTestMethod(TestInvoker.java:173)
at org.testng.internal.MethodRunner.runInSequence(MethodRunner.java:46)
at org.testng.internal.TestInvoker$MethodInvocationAgent.invoke(TestInvoker.java:824)
at org.testng.internal.TestInvoker.invokeTestMethods(TestInvoker.java:146)
at org.testng.internal.TestMethodWorker.invokeTestMethods(TestMethodWorker.java:146)
at org.testng.internal.TestMethodWorker.run(TestMethodWorker.java:128)
at java.base/java.util.ArrayList.forEach(ArrayList.java:1541)
at org.testng.TestRunner.privateRun(TestRunner.java:794)
at org.testng.TestRunner.run(TestRunner.java:596)
at org.testng.SuiteRunner.runTest(SuiteRunner.java:377)
at org.testng.SuiteRunner.access$000(SuiteRunner.java:28)
at org.testng.SuiteRunner$SuiteWorker.run(SuiteRunner.java:418)
at org.testng.internal.thread.ThreadUtil.lambda$execute$0(ThreadUtil.java:64)
at java.base/java.util.concurrent.FutureTask.run(FutureTask.java:264)
at java.base/java.util.concurrent.ThreadPoolExecutor.runWorker(ThreadPoolExecutor.java:1128)
at java.base/java.util.concurrent.ThreadPoolExecutor$Worker.run(ThreadPoolExecutor.java:628)
at java.base/java.lang.Thread.run(Thread.java:834)
]]>
            </full-stacktrace>
          </exception> <!-- java.lang.AssertionError -->
          <reporter-output>
            <line>
              <![CDATA[<a href=F:\VrushaliTestingData\FinalGitHubProjects\ParallelMethodExecutionInTestNGFramework/screenshots/Thu_May_18_18_30_53_IST_2023_1684414854059.png>Screenshot</a>]]>
            </line>
          </reporter-output>
        </test-method> <!-- TC_TripAdvisor_SignInPage_Negative_009 -->
        <test-method is-config="true" signature="tearDown()[pri:0, instance:com.tripadvisor.webapp.tests.SignInPageTest@4d15107f]" started-at="2023-05-18T18:30:54 IST" name="tearDown" finished-at="2023-05-18T18:30:54 IST" duration-ms="737" status="PASS">
          <reporter-output>
          </reporter-output>
        </test-method> <!-- tearDown -->
      </class> <!-- com.tripadvisor.webapp.tests.SignInPageTest -->
      <class name="com.tripadvisor.webapp.tests.HomePageTest">
        <test-method is-config="true" signature="init(java.lang.String)[pri:0, instance:com.tripadvisor.webapp.tests.HomePageTest@5a59ca5e]" started-at="2023-05-18T18:30:26 IST" name="init" finished-at="2023-05-18T18:30:31 IST" duration-ms="5316" status="PASS">
          <params>
            <param index="0">
              <value>
                <![CDATA[chrome]]>
              </value>
            </param>
          </params>
          <reporter-output>
          </reporter-output>
        </test-method> <!-- init -->
        <test-method signature="TC_TripAdvisor_HomePage_002()[pri:0, instance:com.tripadvisor.webapp.tests.HomePageTest@5a59ca5e]" started-at="2023-05-18T18:30:31 IST" name="TC_TripAdvisor_HomePage_002" finished-at="2023-05-18T18:30:32 IST" duration-ms="1085" status="PASS">
          <reporter-output>
          </reporter-output>
        </test-method> <!-- TC_TripAdvisor_HomePage_002 -->
        <test-method is-config="true" signature="tearDown()[pri:0, instance:com.tripadvisor.webapp.tests.HomePageTest@5a59ca5e]" started-at="2023-05-18T18:30:32 IST" name="tearDown" finished-at="2023-05-18T18:30:33 IST" duration-ms="705" status="PASS">
          <reporter-output>
          </reporter-output>
        </test-method> <!-- tearDown -->
      </class> <!-- com.tripadvisor.webapp.tests.HomePageTest -->
    </test> <!-- TestOnChrome -->
    <test started-at="2023-05-18T18:30:26 IST" name="TestOnEdge" finished-at="2023-05-18T18:31:01 IST" duration-ms="35708">
      <class name="com.tripadvisor.webapp.tests.SignInPageTest">
        <test-method is-config="true" signature="init(java.lang.String)[pri:0, instance:com.tripadvisor.webapp.tests.SignInPageTest@1e4f4a5c]" started-at="2023-05-18T18:30:33 IST" name="init" finished-at="2023-05-18T18:30:38 IST" duration-ms="4584" status="PASS">
          <params>
            <param index="0">
              <value>
                <![CDATA[edge]]>
              </value>
            </param>
          </params>
          <reporter-output>
          </reporter-output>
        </test-method> <!-- init -->
        <test-method signature="TC_TripAdvisor_SignInPage_001()[pri:0, instance:com.tripadvisor.webapp.tests.SignInPageTest@1e4f4a5c]" started-at="2023-05-18T18:30:38 IST" name="TC_TripAdvisor_SignInPage_001" finished-at="2023-05-18T18:30:48 IST" duration-ms="10486" status="PASS">
          <reporter-output>
          </reporter-output>
        </test-method> <!-- TC_TripAdvisor_SignInPage_001 -->
        <test-method is-config="true" signature="tearDown()[pri:0, instance:com.tripadvisor.webapp.tests.SignInPageTest@1e4f4a5c]" started-at="2023-05-18T18:30:48 IST" name="tearDown" finished-at="2023-05-18T18:30:49 IST" duration-ms="1014" status="PASS">
          <reporter-output>
          </reporter-output>
        </test-method> <!-- tearDown -->
        <test-method is-config="true" signature="init(java.lang.String)[pri:0, instance:com.tripadvisor.webapp.tests.SignInPageTest@1e4f4a5c]" started-at="2023-05-18T18:30:49 IST" name="init" finished-at="2023-05-18T18:30:54 IST" duration-ms="4522" status="PASS">
          <params>
            <param index="0">
              <value>
                <![CDATA[edge]]>
              </value>
            </param>
          </params>
          <reporter-output>
          </reporter-output>
        </test-method> <!-- init -->
        <test-method signature="TC_TripAdvisor_SignInPage_Negative_009()[pri:0, instance:com.tripadvisor.webapp.tests.SignInPageTest@1e4f4a5c]" started-at="2023-05-18T18:30:54 IST" name="TC_TripAdvisor_SignInPage_Negative_009" finished-at="2023-05-18T18:31:00 IST" duration-ms="6728" status="FAIL">
          <exception class="java.lang.AssertionError">
            <message>
              <![CDATA[Some error in login page expected [Your password should be at least 6 characters long.] but found [Your password must be at least 10 characters. Please try again.]]]>
            </message>
            <full-stacktrace>
              <![CDATA[java.lang.AssertionError: Some error in login page expected [Your password should be at least 6 characters long.] but found [Your password must be at least 10 characters. Please try again.]
at org.testng.Assert.fail(Assert.java:99)
at org.testng.Assert.failNotEquals(Assert.java:1037)
at org.testng.Assert.assertEqualsImpl(Assert.java:140)
at org.testng.Assert.assertEquals(Assert.java:122)
at org.testng.Assert.assertEquals(Assert.java:629)
at com.tripadvisor.webapp.tests.SignInPageTest.TC_TripAdvisor_SignInPage_Negative_009(SignInPageTest.java:175)
at java.base/jdk.internal.reflect.NativeMethodAccessorImpl.invoke0(Native Method)
at java.base/jdk.internal.reflect.NativeMethodAccessorImpl.invoke(NativeMethodAccessorImpl.java:62)
at java.base/jdk.internal.reflect.DelegatingMethodAccessorImpl.invoke(DelegatingMethodAccessorImpl.java:43)
at java.base/java.lang.reflect.Method.invoke(Method.java:566)
at org.testng.internal.MethodInvocationHelper.invokeMethod(MethodInvocationHelper.java:133)
at org.testng.internal.TestInvoker.invokeMethod(TestInvoker.java:598)
at org.testng.internal.TestInvoker.invokeTestMethod(TestInvoker.java:173)
at org.testng.internal.MethodRunner.runInSequence(MethodRunner.java:46)
at org.testng.internal.TestInvoker$MethodInvocationAgent.invoke(TestInvoker.java:824)
at org.testng.internal.TestInvoker.invokeTestMethods(TestInvoker.java:146)
at org.testng.internal.TestMethodWorker.invokeTestMethods(TestMethodWorker.java:146)
at org.testng.internal.TestMethodWorker.run(TestMethodWorker.java:128)
at java.base/java.util.ArrayList.forEach(ArrayList.java:1541)
at org.testng.TestRunner.privateRun(TestRunner.java:794)
at org.testng.TestRunner.run(TestRunner.java:596)
at org.testng.SuiteRunner.runTest(SuiteRunner.java:377)
at org.testng.SuiteRunner.access$000(SuiteRunner.java:28)
at org.testng.SuiteRunner$SuiteWorker.run(SuiteRunner.java:418)
at org.testng.internal.thread.ThreadUtil.lambda$execute$0(ThreadUtil.java:64)
at java.base/java.util.concurrent.FutureTask.run(FutureTask.java:264)
at java.base/java.util.concurrent.ThreadPoolExecutor.runWorker(ThreadPoolExecutor.java:1128)
at java.base/java.util.concurrent.ThreadPoolExecutor$Worker.run(ThreadPoolExecutor.java:628)
at java.base/java.lang.Thread.run(Thread.java:834)
]]>
            </full-stacktrace>
          </exception> <!-- java.lang.AssertionError -->
          <reporter-output>
            <line>
              <![CDATA[<a href=F:\VrushaliTestingData\FinalGitHubProjects\ParallelMethodExecutionInTestNGFramework/screenshots/Thu_May_18_18_31_00_IST_2023_1684414861165.png>Screenshot</a>]]>
            </line>
          </reporter-output>
        </test-method> <!-- TC_TripAdvisor_SignInPage_Negative_009 -->
        <test-method is-config="true" signature="tearDown()[pri:0, instance:com.tripadvisor.webapp.tests.SignInPageTest@1e4f4a5c]" started-at="2023-05-18T18:31:01 IST" name="tearDown" finished-at="2023-05-18T18:31:01 IST" duration-ms="776" status="PASS">
          <reporter-output>
          </reporter-output>
        </test-method> <!-- tearDown -->
      </class> <!-- com.tripadvisor.webapp.tests.SignInPageTest -->
      <class name="com.tripadvisor.webapp.tests.HomePageTest">
        <test-method is-config="true" signature="init(java.lang.String)[pri:0, instance:com.tripadvisor.webapp.tests.HomePageTest@508dec2b]" started-at="2023-05-18T18:30:26 IST" name="init" finished-at="2023-05-18T18:30:32 IST" duration-ms="6322" status="PASS">
          <params>
            <param index="0">
              <value>
                <![CDATA[edge]]>
              </value>
            </param>
          </params>
          <reporter-output>
          </reporter-output>
        </test-method> <!-- init -->
        <test-method signature="TC_TripAdvisor_HomePage_002()[pri:0, instance:com.tripadvisor.webapp.tests.HomePageTest@508dec2b]" started-at="2023-05-18T18:30:32 IST" name="TC_TripAdvisor_HomePage_002" finished-at="2023-05-18T18:30:32 IST" duration-ms="269" status="PASS">
          <reporter-output>
          </reporter-output>
        </test-method> <!-- TC_TripAdvisor_HomePage_002 -->
        <test-method is-config="true" signature="tearDown()[pri:0, instance:com.tripadvisor.webapp.tests.HomePageTest@508dec2b]" started-at="2023-05-18T18:30:32 IST" name="tearDown" finished-at="2023-05-18T18:30:33 IST" duration-ms="750" status="PASS">
          <reporter-output>
          </reporter-output>
        </test-method> <!-- tearDown -->
      </class> <!-- com.tripadvisor.webapp.tests.HomePageTest -->
    </test> <!-- TestOnEdge -->
  </suite> <!-- Suite -->
</testng-results>
